{
  "uid" : "b77e0feecc5569d",
  "name" : "Regisztráció",
  "fullName" : "Tests.TestRegistration.Test_RegistrationWithValidData",
  "historyId" : "b97974a08d9aaaa133475db08cc12632",
  "time" : {
    "start" : 1630068223631,
    "stop" : 1630068235592,
    "duration" : 11961
  },
  "description" : "",
  "status" : "broken",
  "statusMessage" : "Expected condition failed: waiting for visibility of element located by By.xpath: //*[@id=\"wpCreateaccount\"] (tried for 10 second(s) with 500 milliseconds interval)",
  "statusTrace" : "org.openqa.selenium.TimeoutException: Expected condition failed: waiting for visibility of element located by By.xpath: //*[@id=\"wpCreateaccount\"] (tried for 10 second(s) with 500 milliseconds interval)\n\tat org.openqa.selenium.support.ui.WebDriverWait.timeoutException(WebDriverWait.java:95)\n\tat org.openqa.selenium.support.ui.FluentWait.until(FluentWait.java:272)\n\tat General.Methods.waitingForLoad(Methods.java:15)\n\tat Pages.Registration.Registration(Registration.java:21)\n\tat Tests.TestRegistration.Test_RegistrationWithValidData(TestRegistration.java:24)\n\tat sun.reflect.NativeMethodAccessorImpl.invoke0(Native Method)\n\tat sun.reflect.NativeMethodAccessorImpl.invoke(NativeMethodAccessorImpl.java:62)\n\tat sun.reflect.DelegatingMethodAccessorImpl.invoke(DelegatingMethodAccessorImpl.java:43)\n\tat java.lang.reflect.Method.invoke(Method.java:498)\n\tat org.junit.platform.commons.util.ReflectionUtils.invokeMethod(ReflectionUtils.java:688)\n\tat org.junit.jupiter.engine.execution.MethodInvocation.proceed(MethodInvocation.java:60)\n\tat org.junit.jupiter.engine.execution.InvocationInterceptorChain$ValidatingInvocation.proceed(InvocationInterceptorChain.java:131)\n\tat org.junit.jupiter.api.extension.InvocationInterceptor.interceptTestMethod(InvocationInterceptor.java:117)\n\tat org.junit.jupiter.engine.execution.ExecutableInvoker$ReflectiveInterceptorCall.lambda$ofVoidMethod$0(ExecutableInvoker.java:115)\n\tat org.junit.jupiter.engine.execution.ExecutableInvoker.lambda$invoke$0(ExecutableInvoker.java:105)\n\tat org.junit.jupiter.engine.execution.InvocationInterceptorChain$InterceptedInvocation.proceed(InvocationInterceptorChain.java:106)\n\tat org.junit.jupiter.engine.extension.TimeoutExtension.intercept(TimeoutExtension.java:149)\n\tat org.junit.jupiter.engine.extension.TimeoutExtension.interceptTestableMethod(TimeoutExtension.java:140)\n\tat org.junit.jupiter.engine.extension.TimeoutExtension.interceptTestMethod(TimeoutExtension.java:84)\n\tat org.junit.jupiter.engine.execution.ExecutableInvoker$ReflectiveInterceptorCall.lambda$ofVoidMethod$0(ExecutableInvoker.java:115)\n\tat org.junit.jupiter.engine.execution.ExecutableInvoker.lambda$invoke$0(ExecutableInvoker.java:105)\n\tat org.junit.jupiter.engine.execution.InvocationInterceptorChain$InterceptedInvocation.proceed(InvocationInterceptorChain.java:106)\n\tat org.junit.jupiter.engine.execution.InvocationInterceptorChain.proceed(InvocationInterceptorChain.java:64)\n\tat org.junit.jupiter.engine.execution.InvocationInterceptorChain.chainAndInvoke(InvocationInterceptorChain.java:45)\n\tat org.junit.jupiter.engine.execution.InvocationInterceptorChain.invoke(InvocationInterceptorChain.java:37)\n\tat org.junit.jupiter.engine.execution.ExecutableInvoker.invoke(ExecutableInvoker.java:104)\n\tat org.junit.jupiter.engine.execution.ExecutableInvoker.invoke(ExecutableInvoker.java:98)\n\tat org.junit.jupiter.engine.descriptor.TestMethodTestDescriptor.lambda$invokeTestMethod$6(TestMethodTestDescriptor.java:210)\n\tat org.junit.platform.engine.support.hierarchical.ThrowableCollector.execute(ThrowableCollector.java:73)\n\tat org.junit.jupiter.engine.descriptor.TestMethodTestDescriptor.invokeTestMethod(TestMethodTestDescriptor.java:206)\n\tat org.junit.jupiter.engine.descriptor.TestMethodTestDescriptor.execute(TestMethodTestDescriptor.java:131)\n\tat org.junit.jupiter.engine.descriptor.TestMethodTestDescriptor.execute(TestMethodTestDescriptor.java:65)\n\tat org.junit.platform.engine.support.hierarchical.NodeTestTask.lambda$executeRecursively$5(NodeTestTask.java:139)\n\tat org.junit.platform.engine.support.hierarchical.ThrowableCollector.execute(ThrowableCollector.java:73)\n\tat org.junit.platform.engine.support.hierarchical.NodeTestTask.lambda$executeRecursively$7(NodeTestTask.java:129)\n\tat org.junit.platform.engine.support.hierarchical.Node.around(Node.java:137)\n\tat org.junit.platform.engine.support.hierarchical.NodeTestTask.lambda$executeRecursively$8(NodeTestTask.java:127)\n\tat org.junit.platform.engine.support.hierarchical.ThrowableCollector.execute(ThrowableCollector.java:73)\n\tat org.junit.platform.engine.support.hierarchical.NodeTestTask.executeRecursively(NodeTestTask.java:126)\n\tat org.junit.platform.engine.support.hierarchical.NodeTestTask.execute(NodeTestTask.java:84)\n\tat org.junit.platform.engine.support.hierarchical.ForkJoinPoolHierarchicalTestExecutorService$ExclusiveTask.compute(ForkJoinPoolHierarchicalTestExecutorService.java:185)\n\tat org.junit.platform.engine.support.hierarchical.ForkJoinPoolHierarchicalTestExecutorService.invokeAll(ForkJoinPoolHierarchicalTestExecutorService.java:129)\n\tat org.junit.platform.engine.support.hierarchical.NodeTestTask.lambda$executeRecursively$5(NodeTestTask.java:143)\n\tat org.junit.platform.engine.support.hierarchical.ThrowableCollector.execute(ThrowableCollector.java:73)\n\tat org.junit.platform.engine.support.hierarchical.NodeTestTask.lambda$executeRecursively$7(NodeTestTask.java:129)\n\tat org.junit.platform.engine.support.hierarchical.Node.around(Node.java:137)\n\tat org.junit.platform.engine.support.hierarchical.NodeTestTask.lambda$executeRecursively$8(NodeTestTask.java:127)\n\tat org.junit.platform.engine.support.hierarchical.ThrowableCollector.execute(ThrowableCollector.java:73)\n\tat org.junit.platform.engine.support.hierarchical.NodeTestTask.executeRecursively(NodeTestTask.java:126)\n\tat org.junit.platform.engine.support.hierarchical.NodeTestTask.execute(NodeTestTask.java:84)\n\tat org.junit.platform.engine.support.hierarchical.ForkJoinPoolHierarchicalTestExecutorService$ExclusiveTask.compute(ForkJoinPoolHierarchicalTestExecutorService.java:185)\n\tat org.junit.platform.engine.support.hierarchical.ForkJoinPoolHierarchicalTestExecutorService.executeNonConcurrentTasks(ForkJoinPoolHierarchicalTestExecutorService.java:155)\n\tat org.junit.platform.engine.support.hierarchical.ForkJoinPoolHierarchicalTestExecutorService.invokeAll(ForkJoinPoolHierarchicalTestExecutorService.java:135)\n\tat org.junit.platform.engine.support.hierarchical.NodeTestTask.lambda$executeRecursively$5(NodeTestTask.java:143)\n\tat org.junit.platform.engine.support.hierarchical.ThrowableCollector.execute(ThrowableCollector.java:73)\n\tat org.junit.platform.engine.support.hierarchical.NodeTestTask.lambda$executeRecursively$7(NodeTestTask.java:129)\n\tat org.junit.platform.engine.support.hierarchical.Node.around(Node.java:137)\n\tat org.junit.platform.engine.support.hierarchical.NodeTestTask.lambda$executeRecursively$8(NodeTestTask.java:127)\n\tat org.junit.platform.engine.support.hierarchical.ThrowableCollector.execute(ThrowableCollector.java:73)\n\tat org.junit.platform.engine.support.hierarchical.NodeTestTask.executeRecursively(NodeTestTask.java:126)\n\tat org.junit.platform.engine.support.hierarchical.NodeTestTask.execute(NodeTestTask.java:84)\n\tat org.junit.platform.engine.support.hierarchical.ForkJoinPoolHierarchicalTestExecutorService$ExclusiveTask.compute(ForkJoinPoolHierarchicalTestExecutorService.java:185)\n\tat java.util.concurrent.RecursiveAction.exec(RecursiveAction.java:189)\n\tat java.util.concurrent.ForkJoinTask.doExec(ForkJoinTask.java:289)\n\tat java.util.concurrent.ForkJoinPool$WorkQueue.runTask(ForkJoinPool.java:1056)\n\tat java.util.concurrent.ForkJoinPool.runWorker(ForkJoinPool.java:1692)\n\tat java.util.concurrent.ForkJoinWorkerThread.run(ForkJoinWorkerThread.java:175)\nCaused by: org.openqa.selenium.NoSuchElementException: no such element: Unable to locate element: {\"method\":\"xpath\",\"selector\":\"//*[@id=\"wpCreateaccount\"]\"}\n  (Session info: headless chrome=92.0.4515.131)\nFor documentation on this error, please visit: https://www.seleniumhq.org/exceptions/no_such_element.html\nBuild info: version: '3.141.59', revision: 'e82be7d358', time: '2018-11-14T08:17:03'\nSystem info: host: 'fv-az39-713', ip: '10.1.0.91', os.name: 'Linux', os.arch: 'amd64', os.version: '5.8.0-1039-azure', java.version: '1.8.0_302'\nDriver info: org.openqa.selenium.chrome.ChromeDriver\nCapabilities {acceptInsecureCerts: false, browserName: chrome, browserVersion: 92.0.4515.131, chrome: {chromedriverVersion: 92.0.4515.107 (87a818b10553..., userDataDir: /tmp/.com.google.Chrome.IRhgwi}, goog:chromeOptions: {debuggerAddress: localhost:39603}, javascriptEnabled: true, networkConnectionEnabled: false, pageLoadStrategy: normal, platform: LINUX, platformName: LINUX, proxy: Proxy(), setWindowRect: true, strictFileInteractability: false, timeouts: {implicit: 0, pageLoad: 300000, script: 30000}, unhandledPromptBehavior: dismiss and notify, webauthn:extension:credBlob: true, webauthn:extension:largeBlob: true, webauthn:virtualAuthenticators: true}\nSession ID: 8bd09541b75a71f4ac7b336bf198f597\n*** Element info: {Using=xpath, value=//*[@id=\"wpCreateaccount\"]}\n\tat sun.reflect.NativeConstructorAccessorImpl.newInstance0(Native Method)\n\tat sun.reflect.NativeConstructorAccessorImpl.newInstance(NativeConstructorAccessorImpl.java:62)\n\tat sun.reflect.DelegatingConstructorAccessorImpl.newInstance(DelegatingConstructorAccessorImpl.java:45)\n\tat java.lang.reflect.Constructor.newInstance(Constructor.java:423)\n\tat org.openqa.selenium.remote.http.W3CHttpResponseCodec.createException(W3CHttpResponseCodec.java:187)\n\tat org.openqa.selenium.remote.http.W3CHttpResponseCodec.decode(W3CHttpResponseCodec.java:122)\n\tat org.openqa.selenium.remote.http.W3CHttpResponseCodec.decode(W3CHttpResponseCodec.java:49)\n\tat org.openqa.selenium.remote.HttpCommandExecutor.execute(HttpCommandExecutor.java:158)\n\tat org.openqa.selenium.remote.service.DriverCommandExecutor.execute(DriverCommandExecutor.java:83)\n\tat org.openqa.selenium.remote.RemoteWebDriver.execute(RemoteWebDriver.java:552)\n\tat org.openqa.selenium.remote.RemoteWebDriver.findElement(RemoteWebDriver.java:323)\n\tat org.openqa.selenium.remote.RemoteWebDriver.findElementByXPath(RemoteWebDriver.java:428)\n\tat org.openqa.selenium.By$ByXPath.findElement(By.java:353)\n\tat org.openqa.selenium.remote.RemoteWebDriver.findElement(RemoteWebDriver.java:315)\n\tat org.openqa.selenium.support.ui.ExpectedConditions$7.apply(ExpectedConditions.java:205)\n\tat org.openqa.selenium.support.ui.ExpectedConditions$7.apply(ExpectedConditions.java:201)\n\tat org.openqa.selenium.support.ui.FluentWait.until(FluentWait.java:249)\n\t... 65 more\n",
  "flaky" : false,
  "newFailed" : false,
  "beforeStages" : [ {
    "name" : "setDriver",
    "time" : {
      "start" : 1630068223636,
      "stop" : 1630068224292,
      "duration" : 656
    },
    "status" : "passed",
    "steps" : [ ],
    "attachments" : [ ],
    "parameters" : [ ],
    "stepsCount" : 0,
    "attachmentsCount" : 0,
    "shouldDisplayMessage" : false,
    "hasContent" : false
  } ],
  "afterStages" : [ {
    "name" : "quitDriver",
    "time" : {
      "start" : 1630068235508,
      "stop" : 1630068235591,
      "duration" : 83
    },
    "status" : "passed",
    "steps" : [ ],
    "attachments" : [ ],
    "parameters" : [ ],
    "stepsCount" : 0,
    "attachmentsCount" : 0,
    "shouldDisplayMessage" : false,
    "hasContent" : false
  } ],
  "labels" : [ {
    "name" : "host",
    "value" : "fv-az39-713"
  }, {
    "name" : "thread",
    "value" : "3360@fv-az39-713.ForkJoinPool-1-worker-1(12)"
  }, {
    "name" : "framework",
    "value" : "junit-platform"
  }, {
    "name" : "language",
    "value" : "java"
  }, {
    "name" : "package",
    "value" : "Tests.TestRegistration"
  }, {
    "name" : "testClass",
    "value" : "Tests.TestRegistration"
  }, {
    "name" : "testMethod",
    "value" : "Test_RegistrationWithValidData"
  }, {
    "name" : "suite",
    "value" : "Tests.TestRegistration"
  }, {
    "name" : "resultFormat",
    "value" : "allure2"
  } ],
  "parameters" : [ ],
  "links" : [ ],
  "hidden" : false,
  "retry" : false,
  "extra" : {
    "severity" : "normal",
    "retries" : [ ],
    "categories" : [ {
      "name" : "Test defects",
      "matchedStatuses" : [ ],
      "flaky" : false
    } ],
    "history" : {
      "statistic" : {
        "failed" : 0,
        "broken" : 11,
        "skipped" : 0,
        "passed" : 0,
        "unknown" : 0,
        "total" : 11
      },
      "items" : [ {
        "uid" : "59256707e27f17bf",
        "reportUrl" : "https://Nviki.github.io/vizsgaremek/13//#testresult/59256707e27f17bf",
        "status" : "broken",
        "statusDetails" : "Expected condition failed: waiting for visibility of element located by By.xpath: //*[@id=\"wpCreateaccount\"] (tried for 10 second(s) with 500 milliseconds interval)",
        "time" : {
          "start" : 1629746695110,
          "stop" : 1629746707236,
          "duration" : 12126
        }
      }, {
        "uid" : "20dffa142cb30925",
        "reportUrl" : "https://Nviki.github.io/vizsgaremek/12//#testresult/20dffa142cb30925",
        "status" : "broken",
        "statusDetails" : "Expected condition failed: waiting for visibility of element located by By.xpath: //*[@id=\"wpCreateaccount\"] (tried for 10 second(s) with 500 milliseconds interval)",
        "time" : {
          "start" : 1629745235257,
          "stop" : 1629745247552,
          "duration" : 12295
        }
      }, {
        "uid" : "845f6d73f7e0e5f6",
        "reportUrl" : "https://Nviki.github.io/vizsgaremek/11//#testresult/845f6d73f7e0e5f6",
        "status" : "broken",
        "statusDetails" : "Expected condition failed: waiting for visibility of element located by By.xpath: //*[@id=\"wpCreateaccount\"] (tried for 10 second(s) with 500 milliseconds interval)",
        "time" : {
          "start" : 1629670538739,
          "stop" : 1629670550739,
          "duration" : 12000
        }
      }, {
        "uid" : "b6f7485f9c38bd67",
        "reportUrl" : "https://Nviki.github.io/vizsgaremek/10//#testresult/b6f7485f9c38bd67",
        "status" : "broken",
        "statusDetails" : "Expected condition failed: waiting for visibility of element located by By.xpath: //*[@id=\"wpCreateaccount\"] (tried for 10 second(s) with 500 milliseconds interval)",
        "time" : {
          "start" : 1629659441771,
          "stop" : 1629659453827,
          "duration" : 12056
        }
      }, {
        "uid" : "96459f1c97c692b0",
        "reportUrl" : "https://Nviki.github.io/vizsgaremek/9//#testresult/96459f1c97c692b0",
        "status" : "broken",
        "statusDetails" : "unknown error: Chrome failed to start: exited abnormally.\n  (unknown error: DevToolsActivePort file doesn't exist)\n  (The process started from chrome location /usr/bin/google-chrome is no longer running, so ChromeDriver is assuming that Chrome has crashed.)\nBuild info: version: '3.141.59', revision: 'e82be7d358', time: '2018-11-14T08:17:03'\nSystem info: host: 'fv-az39-798', ip: '10.1.0.70', os.name: 'Linux', os.arch: 'amd64', os.version: '5.8.0-1039-azure', java.version: '1.8.0_302'\nDriver info: driver.version: ChromeDriver\nremote stacktrace: #0 0x560c7017aa63 <unknown>\n#1 0x560c6feef458 <unknown>\n#2 0x560c6ff122e3 <unknown>\n#3 0x560c6ff0de9f <unknown>\n#4 0x560c6ff47b72 <unknown>\n#5 0x560c6ff41fd3 <unknown>\n#6 0x560c6ff18514 <unknown>\n#7 0x560c6ff19505 <unknown>\n#8 0x560c701a6e2e <unknown>\n#9 0x560c701bc886 <unknown>\n#10 0x560c701a7d75 <unknown>\n#11 0x560c701bdd94 <unknown>\n#12 0x560c7019e8eb <unknown>\n#13 0x560c701d8cd8 <unknown>\n#14 0x560c701d8e58 <unknown>\n#15 0x560c701f2dfd <unknown>\n#16 0x7f7b2dd8b609 start_thread\n",
        "time" : {
          "start" : 1629327857475,
          "stop" : 1629327857626,
          "duration" : 151
        }
      }, {
        "uid" : "2fbbcc2e5433beb",
        "reportUrl" : "https://Nviki.github.io/vizsgaremek/8//#testresult/2fbbcc2e5433beb",
        "status" : "broken",
        "statusDetails" : "unknown error: Chrome failed to start: exited abnormally.\n  (unknown error: DevToolsActivePort file doesn't exist)\n  (The process started from chrome location /usr/bin/google-chrome is no longer running, so ChromeDriver is assuming that Chrome has crashed.)\nBuild info: version: '3.141.59', revision: 'e82be7d358', time: '2018-11-14T08:17:03'\nSystem info: host: 'fv-az74-94', ip: '10.1.0.209', os.name: 'Linux', os.arch: 'amd64', os.version: '5.8.0-1039-azure', java.version: '1.8.0_302'\nDriver info: driver.version: ChromeDriver\nremote stacktrace: #0 0x55ec36b33a63 <unknown>\n#1 0x55ec368a8458 <unknown>\n#2 0x55ec368cb2e3 <unknown>\n#3 0x55ec368c6e9f <unknown>\n#4 0x55ec36900b72 <unknown>\n#5 0x55ec368fafd3 <unknown>\n#6 0x55ec368d1514 <unknown>\n#7 0x55ec368d2505 <unknown>\n#8 0x55ec36b5fe2e <unknown>\n#9 0x55ec36b75886 <unknown>\n#10 0x55ec36b60d75 <unknown>\n#11 0x55ec36b76d94 <unknown>\n#12 0x55ec36b578eb <unknown>\n#13 0x55ec36b91cd8 <unknown>\n#14 0x55ec36b91e58 <unknown>\n#15 0x55ec36babdfd <unknown>\n#16 0x7f5e3d32a609 start_thread\n",
        "time" : {
          "start" : 1629321433453,
          "stop" : 1629321433616,
          "duration" : 163
        }
      }, {
        "uid" : "6b6ea582534420d5",
        "reportUrl" : "https://Nviki.github.io/vizsgaremek/7//#testresult/6b6ea582534420d5",
        "status" : "broken",
        "statusDetails" : "unknown error: Chrome failed to start: exited abnormally.\n  (unknown error: DevToolsActivePort file doesn't exist)\n  (The process started from chrome location /usr/bin/google-chrome is no longer running, so ChromeDriver is assuming that Chrome has crashed.)\nBuild info: version: '3.141.59', revision: 'e82be7d358', time: '2018-11-14T08:17:03'\nSystem info: host: 'fv-az83-831', ip: '10.1.0.92', os.name: 'Linux', os.arch: 'amd64', os.version: '5.8.0-1039-azure', java.version: '1.8.0_302'\nDriver info: driver.version: ChromeDriver\nremote stacktrace: #0 0x55602d0dea63 <unknown>\n#1 0x55602ce53458 <unknown>\n#2 0x55602ce762e3 <unknown>\n#3 0x55602ce71e9f <unknown>\n#4 0x55602ceabb72 <unknown>\n#5 0x55602cea5fd3 <unknown>\n#6 0x55602ce7c514 <unknown>\n#7 0x55602ce7d505 <unknown>\n#8 0x55602d10ae2e <unknown>\n#9 0x55602d120886 <unknown>\n#10 0x55602d10bd75 <unknown>\n#11 0x55602d121d94 <unknown>\n#12 0x55602d1028eb <unknown>\n#13 0x55602d13ccd8 <unknown>\n#14 0x55602d13ce58 <unknown>\n#15 0x55602d156dfd <unknown>\n#16 0x7f088a93f609 start_thread\n",
        "time" : {
          "start" : 1629321110309,
          "stop" : 1629321110450,
          "duration" : 141
        }
      }, {
        "uid" : "3e2036c580948f7d",
        "reportUrl" : "https://Nviki.github.io/vizsgaremek/6//#testresult/3e2036c580948f7d",
        "status" : "broken",
        "statusDetails" : "Expected condition failed: waiting for visibility of element located by By.xpath: //*[@id=\"wpCreateaccount\"] (tried for 10 second(s) with 500 milliseconds interval)",
        "time" : {
          "start" : 1629073398904,
          "stop" : 1629073410915,
          "duration" : 12011
        }
      }, {
        "uid" : "87050deab60b3f28",
        "reportUrl" : "https://Nviki.github.io/vizsgaremek/5//#testresult/87050deab60b3f28",
        "status" : "broken",
        "statusDetails" : "unknown error: Chrome failed to start: exited abnormally.\n  (unknown error: DevToolsActivePort file doesn't exist)\n  (The process started from chrome location /usr/bin/google-chrome is no longer running, so ChromeDriver is assuming that Chrome has crashed.)\nBuild info: version: '3.141.59', revision: 'e82be7d358', time: '2018-11-14T08:17:03'\nSystem info: host: 'fv-az28-876', ip: '10.1.0.63', os.name: 'Linux', os.arch: 'amd64', os.version: '5.8.0-1039-azure', java.version: '1.8.0_302'\nDriver info: driver.version: ChromeDriver\nremote stacktrace: #0 0x55e5ba5efa63 <unknown>\n#1 0x55e5ba364458 <unknown>\n#2 0x55e5ba3872e3 <unknown>\n#3 0x55e5ba382e9f <unknown>\n#4 0x55e5ba3bcb72 <unknown>\n#5 0x55e5ba3b6fd3 <unknown>\n#6 0x55e5ba38d514 <unknown>\n#7 0x55e5ba38e505 <unknown>\n#8 0x55e5ba61be2e <unknown>\n#9 0x55e5ba631886 <unknown>\n#10 0x55e5ba61cd75 <unknown>\n#11 0x55e5ba632d94 <unknown>\n#12 0x55e5ba6138eb <unknown>\n#13 0x55e5ba64dcd8 <unknown>\n#14 0x55e5ba64de58 <unknown>\n#15 0x55e5ba667dfd <unknown>\n#16 0x7f4cc6d4b609 start_thread\n",
        "time" : {
          "start" : 1629072991011,
          "stop" : 1629072991147,
          "duration" : 136
        }
      }, {
        "uid" : "fb4fc31a86ffdb36",
        "reportUrl" : "https://Nviki.github.io/vizsgaremek/4//#testresult/fb4fc31a86ffdb36",
        "status" : "broken",
        "statusDetails" : "unknown error: Chrome failed to start: exited abnormally.\n  (unknown error: DevToolsActivePort file doesn't exist)\n  (The process started from chrome location /usr/bin/google-chrome is no longer running, so ChromeDriver is assuming that Chrome has crashed.)\nBuild info: version: '3.141.59', revision: 'e82be7d358', time: '2018-11-14T08:17:03'\nSystem info: host: 'fv-az81-606', ip: '10.1.0.203', os.name: 'Linux', os.arch: 'amd64', os.version: '5.8.0-1039-azure', java.version: '1.8.0_302'\nDriver info: driver.version: ChromeDriver\nremote stacktrace: #0 0x55a41b789a63 <unknown>\n#1 0x55a41b4fe458 <unknown>\n#2 0x55a41b5212e3 <unknown>\n#3 0x55a41b51ce9f <unknown>\n#4 0x55a41b556b72 <unknown>\n#5 0x55a41b550fd3 <unknown>\n#6 0x55a41b527514 <unknown>\n#7 0x55a41b528505 <unknown>\n#8 0x55a41b7b5e2e <unknown>\n#9 0x55a41b7cb886 <unknown>\n#10 0x55a41b7b6d75 <unknown>\n#11 0x55a41b7ccd94 <unknown>\n#12 0x55a41b7ad8eb <unknown>\n#13 0x55a41b7e7cd8 <unknown>\n#14 0x55a41b7e7e58 <unknown>\n#15 0x55a41b801dfd <unknown>\n#16 0x7f490ecda609 start_thread\n",
        "time" : {
          "start" : 1629071697783,
          "stop" : 1629071697960,
          "duration" : 177
        }
      } ]
    },
    "tags" : [ ]
  },
  "source" : "b77e0feecc5569d.json",
  "parameterValues" : [ ]
}